<?xml version="1.0" encoding="UTF-8"?>
<!-- Generated by org.testng.reporters.JUnitReportReporter -->
<testsuite skipped="0" hostname="HP-PC" name="com.qa.Tests.PUTAPITestCase" tests="1" failures="0" timestamp="04 Sep 2018 02:55:02 GMT" time="3.765" errors="0">
  <testcase name="UpdateUserTest" time="3.765" classname="com.qa.Tests.PUTAPITestCase"/>
</testsuite> <!-- com.qa.Tests.PUTAPITestCase -->
