<?xml version="1.0" encoding="UTF-8"?>
<!-- Generated by org.testng.reporters.JUnitReportReporter -->
<testsuite skipped="0" hostname="HP-PC" name="com.qa.Tests.PostCallDemo" tests="1" failures="0" timestamp="29 Aug 2018 08:13:06 GMT" time="2.089" errors="0">
  <testcase name="PostCall_CreateCustomerTest" time="2.089" classname="com.qa.Tests.PostCallDemo"/>
</testsuite> <!-- com.qa.Tests.PostCallDemo -->
