<?xml version="1.0" encoding="UTF-8"?>
<!-- Generated by org.testng.reporters.JUnitReportReporter -->
<testsuite skipped="0" hostname="HP-PC" name="com.qa.Tests.GetcallDemo" tests="1" failures="0" timestamp="27 Aug 2018 03:40:28 GMT" time="2.456" errors="0">
  <testcase name="getAPITest" time="2.456" classname="com.qa.Tests.GetcallDemo"/>
</testsuite> <!-- com.qa.Tests.GetcallDemo -->
