<?xml version="1.0" encoding="UTF-8"?>
<!-- Generated by org.testng.reporters.JUnitReportReporter -->
<testsuite skipped="0" hostname="HP-PC" name="com.qa.Tests.GetAPITestCase" tests="1" failures="0" timestamp="07 Jul 2018 15:19:24 GMT" time="2.630" errors="0">
  <testcase name="getAPITest" time="2.630" classname="com.qa.Tests.GetAPITestCase"/>
</testsuite> <!-- com.qa.Tests.GetAPITestCase -->
