<?xml version="1.0" encoding="UTF-8"?>
<!-- Generated by org.testng.reporters.JUnitReportReporter -->
<testsuite skipped="0" hostname="HP-PC" name="com.qa.Tests.PostRequestRegisterUser" tests="1" failures="0" timestamp="29 Aug 2018 08:14:24 GMT" time="2.056" errors="0">
  <testcase name="RegisterUserTest" time="2.056" classname="com.qa.Tests.PostRequestRegisterUser"/>
</testsuite> <!-- com.qa.Tests.PostRequestRegisterUser -->
