<?xml version="1.0" encoding="UTF-8"?>
<!-- Generated by org.testng.reporters.JUnitReportReporter -->
<testsuite skipped="0" hostname="HP-PC" name="com.qa.Tests.PUTAPITestCase" tests="1" failures="0" timestamp="05 Jul 2018 10:33:39 GMT" time="2.286" errors="0">
  <testcase name="UpdateUserTest" time="2.286" classname="com.qa.Tests.PUTAPITestCase"/>
</testsuite> <!-- com.qa.Tests.PUTAPITestCase -->
