<?xml version="1.0" encoding="UTF-8"?>
<!-- Generated by org.testng.reporters.JUnitReportReporter -->
<testsuite skipped="0" hostname="HP-PC" name="com.qa.Tests.GetCityInfo" tests="1" failures="0" timestamp="04 Sep 2018 03:27:44 GMT" time="2.410" errors="0">
  <testcase name="GetCallDemoTest" time="2.410" classname="com.qa.Tests.GetCityInfo"/>
</testsuite> <!-- com.qa.Tests.GetCityInfo -->
