<?xml version="1.0" encoding="UTF-8"?>
<!-- Generated by org.testng.reporters.JUnitReportReporter -->
<testsuite skipped="0" hostname="HP-PC" name="com.qa.Tests.PostAPITestCase" tests="1" failures="0" timestamp="04 Jul 2018 11:28:10 GMT" time="2.334" errors="0">
  <testcase name="createUserTest" time="2.334" classname="com.qa.Tests.PostAPITestCase"/>
</testsuite> <!-- com.qa.Tests.PostAPITestCase -->
