<?xml version="1.0" encoding="UTF-8"?>
<!-- Generated by org.testng.reporters.JUnitReportReporter -->
<testsuite skipped="0" hostname="HP-PC" name="com.qa.Tests.GetCityInfo" tests="1" failures="0" timestamp="27 Aug 2018 04:02:27 GMT" time="2.399" errors="0">
  <testcase name="GetCallDemoTest" time="2.399" classname="com.qa.Tests.GetCityInfo"/>
</testsuite> <!-- com.qa.Tests.GetCityInfo -->
