<?xml version="1.0" encoding="UTF-8"?>
<!-- Generated by org.testng.reporters.JUnitReportReporter -->
<testsuite skipped="0" hostname="HP-PC" name="com.qa.Tests.JSONArrayHandlesConcept" tests="1" failures="0" timestamp="04 Sep 2018 05:06:58 GMT" time="2.273" errors="0">
  <testcase name="getAPITest" time="2.273" classname="com.qa.Tests.JSONArrayHandlesConcept"/>
</testsuite> <!-- com.qa.Tests.JSONArrayHandlesConcept -->
