<?xml version="1.0" encoding="UTF-8"?>
<!-- Generated by org.testng.reporters.JUnitReportReporter -->
<testsuite skipped="0" hostname="HP-PC" name="com.qa.Tests.GetAPITestCase" tests="1" failures="0" timestamp="04 Sep 2018 03:04:15 GMT" time="1.303" errors="0">
  <testcase name="getAPITest" time="1.303" classname="com.qa.Tests.GetAPITestCase"/>
</testsuite> <!-- com.qa.Tests.GetAPITestCase -->
