<?xml version="1.0" encoding="UTF-8"?>
<!-- Generated by org.testng.reporters.JUnitReportReporter -->
<testsuite skipped="0" hostname="HP-PC" name="com.qa.Tests.GetAPITestCase" tests="1" failures="0" timestamp="25 Aug 2018 03:23:49 GMT" time="1.740" errors="0">
  <testcase name="getAPITest" time="1.740" classname="com.qa.Tests.GetAPITestCase"/>
</testsuite> <!-- com.qa.Tests.GetAPITestCase -->
