<?xml version="1.0" encoding="UTF-8"?>
<!-- Generated by org.testng.reporters.JUnitReportReporter -->
<testsuite skipped="0" hostname="HP-PC" name="com.qa.Tests.PostAPITestCase" tests="1" failures="0" timestamp="25 Aug 2018 03:23:49 GMT" time="1.999" errors="0">
  <testcase name="createUserTest" time="1.999" classname="com.qa.Tests.PostAPITestCase"/>
</testsuite> <!-- com.qa.Tests.PostAPITestCase -->
