<?xml version="1.0" encoding="UTF-8"?>
<!-- Generated by org.testng.reporters.JUnitReportReporter -->
<testsuite skipped="0" hostname="HP-PC" name="com.qa.Tests.DeleteAPITestCase" tests="1" failures="0" timestamp="25 Aug 2018 03:23:49 GMT" time="4.155" errors="0">
  <testcase name="deleteAPITest" time="4.155" classname="com.qa.Tests.DeleteAPITestCase"/>
</testsuite> <!-- com.qa.Tests.DeleteAPITestCase -->
