<?xml version="1.0" encoding="UTF-8"?>
<!-- Generated by org.testng.reporters.JUnitReportReporter -->
<testsuite skipped="0" hostname="HP-PC" name="com.qa.Tests.PUTAPITestCase" tests="1" failures="0" timestamp="25 Aug 2018 03:23:49 GMT" time="0.928" errors="0">
  <testcase name="UpdateUserTest" time="0.928" classname="com.qa.Tests.PUTAPITestCase"/>
</testsuite> <!-- com.qa.Tests.PUTAPITestCase -->
