<?xml version="1.0" encoding="UTF-8"?>
<!-- Generated by org.testng.reporters.JUnitReportReporter -->
<testsuite skipped="0" hostname="HP-PC" name="com.qa.Tests.PUTAPITestCase" tests="1" failures="0" timestamp="04 Sep 2018 03:04:15 GMT" time="0.784" errors="0">
  <testcase name="UpdateUserTest" time="0.784" classname="com.qa.Tests.PUTAPITestCase"/>
</testsuite> <!-- com.qa.Tests.PUTAPITestCase -->
