<?xml version="1.0" encoding="UTF-8"?>
<!-- Generated by org.testng.reporters.JUnitReportReporter -->
<testsuite skipped="0" hostname="HP-PC" name="com.qa.Tests.DeleteAPITestCase" tests="1" failures="0" timestamp="04 Sep 2018 03:04:15 GMT" time="2.929" errors="0">
  <testcase name="deleteAPITest" time="2.929" classname="com.qa.Tests.DeleteAPITestCase"/>
</testsuite> <!-- com.qa.Tests.DeleteAPITestCase -->
